[LOG] [2018-04-13 17:46:13] Name Request Adhitia
[LOG] [2018-04-13 17:47:29] Name Request Adhitia
[LOG] [2018-04-13 17:48:09] Name Request Adhitia
[LOG] [2018-04-13 17:48:09] Response Message Hello, Adhitia 
[LOG] [2018-04-13 17:49:23] Name Request Adhitia
[LOG] [2018-04-13 17:49:23] Response Message Hello, Adhitia 
[LOG] [2018-04-13 17:58:15] Name Request Adhitia
[LOG] [2018-04-13 17:58:15] Response Final Message Hello, Adhitia 
[LOG] [2018-04-13 17:59:12] Name Request Adhitia
[LOG] [2018-04-13 17:59:12] Response Final Message Hello, Adhitia 
[LOG] [2018-04-13 18:00:17] Name Request Adhitia
[LOG] [2018-04-13 18:00:17] Response Final Message Hello, Adhitia 
[LOG] [2020-06-19 07:41:54] Name Request adhitia
[LOG] [2020-06-19 07:41:54] Response Final Message Hello, adhitia 
[LOG] [2020-09-01 20:07:20] Name Request adhitia
[LOG] [2020-09-01 20:07:20] Response Final Message Hello, adhitia 
[LOG] [2020-09-01 20:14:53] Name Request adhitia
[LOG] [2020-09-01 20:14:53] Response Final Message Hello, adhitia 
[LOG] [2020-09-01 20:15:15] Name Request herawan
[LOG] [2020-09-01 20:15:15] Response Final Message Hello, herawan 
[LOG] [2020-09-01 20:30:00] Name Request adhitia
[LOG] [2020-09-01 20:30:00] Response Final Message Hello, adhitia 
[LOG] [2020-09-01 20:32:33] Name Request adhitia
[LOG] [2020-09-01 20:32:33] Response Final Message Hello, adhitia 
[LOG] [2020-09-01 20:32:33] Name Request adhitia
[LOG] [2020-09-01 20:32:33] Response Final Message Hello, adhitia 
[LOG] [2020-09-01 20:32:33] Name Request adhitia
[LOG] [2020-09-01 20:32:33] Response Final Message Hello, adhitia 
[LOG] [2020-09-01 20:32:33] Name Request adhitia
[LOG] [2020-09-01 20:32:33] Response Final Message Hello, adhitia 
[LOG] [2020-09-01 20:32:33] Name Request adhitia
[LOG] [2020-09-01 20:32:33] Response Final Message Hello, adhitia 
[LOG] [2020-09-01 20:32:33] Name Request adhitia
[LOG] [2020-09-01 20:32:33] Response Final Message Hello, adhitia 
[LOG] [2020-09-01 20:32:33] Name Request adhitia
[LOG] [2020-09-01 20:32:33] Response Final Message Hello, adhitia 
[LOG] [2020-09-01 20:32:33] Name Request adhitia
[LOG] [2020-09-01 20:32:33] Response Final Message Hello, adhitia 
[LOG] [2020-09-01 20:32:33] Name Request adhitia
[LOG] [2020-09-01 20:32:33] Response Final Message Hello, adhitia 
[LOG] [2020-09-01 20:32:33] Name Request adhitia
[LOG] [2020-09-01 20:32:33] Response Final Message Hello, adhitia 
[LOG] [2020-09-01 21:12:04] Name Request adhitia
[LOG] [2020-09-01 21:12:04] Response Final Message Hello, adhitia 
[LOG] [2020-09-01 21:12:04] Name Request adhitia
[LOG] [2020-09-01 21:12:04] Response Final Message Hello, adhitia 
[LOG] [2020-09-01 21:12:04] Name Request adhitia
[LOG] [2020-09-01 21:12:04] Response Final Message Hello, adhitia 
[LOG] [2020-09-01 21:12:04] Name Request adhitia
[LOG] [2020-09-01 21:12:04] Response Final Message Hello, adhitia 
[LOG] [2020-09-01 21:12:04] Name Request adhitia
[LOG] [2020-09-01 21:12:04] Response Final Message Hello, adhitia 
[LOG] [2020-09-01 21:12:04] Name Request adhitia
[LOG] [2020-09-01 21:12:04] Response Final Message Hello, adhitia 
[LOG] [2020-09-01 21:12:04] Name Request adhitia
[LOG] [2020-09-01 21:12:04] Response Final Message Hello, adhitia 
[LOG] [2020-09-01 21:12:04] Name Request adhitia
[LOG] [2020-09-01 21:12:04] Response Final Message Hello, adhitia 
[LOG] [2020-09-01 21:12:04] Name Request adhitia
[LOG] [2020-09-01 21:12:04] Response Final Message Hello, adhitia 
[LOG] [2020-09-01 21:12:04] Name Request adhitia
[LOG] [2020-09-01 21:12:04] Response Final Message Hello, adhitia 
[LOG] [2020-09-01 21:15:49] Name Request adhitia
[LOG] [2020-09-01 21:15:49] Response Final Message Hello, adhitia 
[LOG] [2020-09-01 21:15:49] Name Request adhitia
[LOG] [2020-09-01 21:15:49] Response Final Message Hello, adhitia 
[LOG] [2020-09-01 21:15:50] Name Request adhitia
[LOG] [2020-09-01 21:15:50] Response Final Message Hello, adhitia 
[LOG] [2020-09-01 21:15:50] Name Request adhitia
[LOG] [2020-09-01 21:15:50] Response Final Message Hello, adhitia 
[LOG] [2020-09-01 21:15:50] Name Request adhitia
[LOG] [2020-09-01 21:15:50] Response Final Message Hello, adhitia 
[LOG] [2020-09-01 21:15:50] Name Request adhitia
[LOG] [2020-09-01 21:15:50] Response Final Message Hello, adhitia 
[LOG] [2020-09-01 21:15:50] Name Request adhitia
[LOG] [2020-09-01 21:15:50] Response Final Message Hello, adhitia 
[LOG] [2020-09-01 21:15:50] Name Request adhitia
[LOG] [2020-09-01 21:15:50] Response Final Message Hello, adhitia 
[LOG] [2020-09-01 21:15:50] Name Request adhitia
[LOG] [2020-09-01 21:15:50] Response Final Message Hello, adhitia 
[LOG] [2020-09-01 21:15:50] Name Request adhitia
[LOG] [2020-09-01 21:15:50] Response Final Message Hello, adhitia 
[LOG] [2020-09-01 21:19:33] Name Request adhitia
[LOG] [2020-09-01 21:19:33] Response Final Message Hello, adhitia 
[LOG] [2021-01-26 15:32:23] Name Request adhitia
[LOG] [2021-01-26 15:32:23] Response Final Message Hello, adhitia 
[LOG] [2021-01-26 15:32:23] Name Request adhitia
[LOG] [2021-01-26 15:32:23] Response Final Message Hello, adhitia 
[LOG] [2021-01-26 15:32:24] Name Request adhitia
[LOG] [2021-01-26 15:32:24] Response Final Message Hello, adhitia 
[LOG] [2021-01-26 15:32:24] Name Request adhitia
[LOG] [2021-01-26 15:32:24] Response Final Message Hello, adhitia 
[LOG] [2021-01-26 15:32:24] Name Request adhitia
[LOG] [2021-01-26 15:32:24] Response Final Message Hello, adhitia 
[LOG] [2021-01-26 15:32:24] Name Request adhitia
[LOG] [2021-01-26 15:32:24] Response Final Message Hello, adhitia 
[LOG] [2021-01-26 15:32:24] Name Request adhitia
[LOG] [2021-01-26 15:32:24] Response Final Message Hello, adhitia 
[LOG] [2021-01-26 15:32:24] Name Request adhitia
[LOG] [2021-01-26 15:32:24] Response Final Message Hello, adhitia 
[LOG] [2021-01-26 15:32:24] Name Request adhitia
[LOG] [2021-01-26 15:32:24] Response Final Message Hello, adhitia 
[LOG] [2021-01-26 15:32:24] Name Request adhitia
[LOG] [2021-01-26 15:32:24] Response Final Message Hello, adhitia 
[LOG] [2021-01-26 15:35:03] Name Request adhitia
[LOG] [2021-01-26 15:35:03] Response Final Message Hello, adhitia 
[LOG] [2021-01-26 20:20:01] Name Request adhitia
[LOG] [2021-01-26 20:20:01] Response Final Message Hello, adhitia 
[LOG] [2021-01-26 20:20:01] Name Request adhitia
[LOG] [2021-01-26 20:20:01] Response Final Message Hello, adhitia 
[LOG] [2021-01-26 20:20:01] Name Request adhitia
[LOG] [2021-01-26 20:20:01] Response Final Message Hello, adhitia 
[LOG] [2021-01-26 20:20:01] Name Request adhitia
[LOG] [2021-01-26 20:20:01] Response Final Message Hello, adhitia 
[LOG] [2021-01-26 20:20:01] Name Request adhitia
[LOG] [2021-01-26 20:20:01] Response Final Message Hello, adhitia 
[LOG] [2021-01-26 20:20:02] Name Request adhitia
[LOG] [2021-01-26 20:20:02] Response Final Message Hello, adhitia 
[LOG] [2021-01-26 20:20:02] Name Request adhitia
[LOG] [2021-01-26 20:20:02] Response Final Message Hello, adhitia 
[LOG] [2021-01-26 20:20:02] Name Request adhitia
[LOG] [2021-01-26 20:20:02] Response Final Message Hello, adhitia 
[LOG] [2021-01-26 20:20:02] Name Request adhitia
[LOG] [2021-01-26 20:20:02] Response Final Message Hello, adhitia 
[LOG] [2021-01-26 20:20:02] Name Request adhitia
[LOG] [2021-01-26 20:20:02] Response Final Message Hello, adhitia 
[LOG] [2021-01-26 20:21:14] Name Request adhitia
[LOG] [2021-01-26 20:21:14] Response Final Message Hello, adhitia 
[LOG] [2021-11-05 21:57:21] Name Request john
[LOG] [2021-11-05 21:57:21] Response Final Message Hello, john 
[LOG] [2021-11-06 08:50:12] Name Request 1
[LOG] [2021-11-06 08:50:12] Response Final Message Hello, 1 101
[LOG] [2021-11-06 08:53:06] Name Request 1
[LOG] [2021-11-06 08:53:06] Response Final Message Hello, 1 101
[LOG] [2021-11-06 08:57:06] Name Request 0
[LOG] [2021-11-06 08:57:06] Response Final Message 99
[LOG] [2021-11-06 09:34:52] Name Request 1
[LOG] [2021-11-06 09:34:52] Response Final Message 101
[LOG] [2021-11-06 09:37:13] Name Request 0
[LOG] [2021-11-06 09:37:13] Response Final Message 99
[LOG] [2021-11-06 09:37:25] Name Request 1
[LOG] [2021-11-06 09:37:25] Response Final Message 101
