[LOG] [2018-04-13 17:46:13] Name Request Adhitia
[LOG] [2018-04-13 17:47:29] Name Request Adhitia
[LOG] [2018-04-13 17:48:09] Name Request Adhitia
[LOG] [2018-04-13 17:48:09] Response Message Hello, Adhitia 
[LOG] [2018-04-13 17:49:23] Name Request Adhitia
[LOG] [2018-04-13 17:49:23] Response Message Hello, Adhitia 
[LOG] [2018-04-13 17:58:15] Name Request Adhitia
[LOG] [2018-04-13 17:58:15] Response Final Message Hello, Adhitia 
[LOG] [2018-04-13 17:59:12] Name Request Adhitia
[LOG] [2018-04-13 17:59:12] Response Final Message Hello, Adhitia 
[LOG] [2018-04-13 18:00:17] Name Request Adhitia
[LOG] [2018-04-13 18:00:17] Response Final Message Hello, Adhitia 
[LOG] [2020-06-19 07:41:54] Name Request adhitia
[LOG] [2020-06-19 07:41:54] Response Final Message Hello, adhitia 
[LOG] [2020-09-01 20:07:20] Name Request adhitia
[LOG] [2020-09-01 20:07:20] Response Final Message Hello, adhitia 
[LOG] [2020-09-01 20:14:53] Name Request adhitia
[LOG] [2020-09-01 20:14:53] Response Final Message Hello, adhitia 
[LOG] [2020-09-01 20:15:15] Name Request herawan
[LOG] [2020-09-01 20:15:15] Response Final Message Hello, herawan 
[LOG] [2020-09-01 20:30:00] Name Request adhitia
[LOG] [2020-09-01 20:30:00] Response Final Message Hello, adhitia 
[LOG] [2020-09-01 20:32:33] Name Request adhitia
[LOG] [2020-09-01 20:32:33] Response Final Message Hello, adhitia 
[LOG] [2020-09-01 20:32:33] Name Request adhitia
[LOG] [2020-09-01 20:32:33] Response Final Message Hello, adhitia 
[LOG] [2020-09-01 20:32:33] Name Request adhitia
[LOG] [2020-09-01 20:32:33] Response Final Message Hello, adhitia 
[LOG] [2020-09-01 20:32:33] Name Request adhitia
[LOG] [2020-09-01 20:32:33] Response Final Message Hello, adhitia 
[LOG] [2020-09-01 20:32:33] Name Request adhitia
[LOG] [2020-09-01 20:32:33] Response Final Message Hello, adhitia 
[LOG] [2020-09-01 20:32:33] Name Request adhitia
[LOG] [2020-09-01 20:32:33] Response Final Message Hello, adhitia 
[LOG] [2020-09-01 20:32:33] Name Request adhitia
[LOG] [2020-09-01 20:32:33] Response Final Message Hello, adhitia 
[LOG] [2020-09-01 20:32:33] Name Request adhitia
[LOG] [2020-09-01 20:32:33] Response Final Message Hello, adhitia 
[LOG] [2020-09-01 20:32:33] Name Request adhitia
[LOG] [2020-09-01 20:32:33] Response Final Message Hello, adhitia 
[LOG] [2020-09-01 20:32:33] Name Request adhitia
[LOG] [2020-09-01 20:32:33] Response Final Message Hello, adhitia 
[LOG] [2020-09-01 21:12:04] Name Request adhitia
[LOG] [2020-09-01 21:12:04] Response Final Message Hello, adhitia 
[LOG] [2020-09-01 21:12:04] Name Request adhitia
[LOG] [2020-09-01 21:12:04] Response Final Message Hello, adhitia 
[LOG] [2020-09-01 21:12:04] Name Request adhitia
[LOG] [2020-09-01 21:12:04] Response Final Message Hello, adhitia 
[LOG] [2020-09-01 21:12:04] Name Request adhitia
[LOG] [2020-09-01 21:12:04] Response Final Message Hello, adhitia 
[LOG] [2020-09-01 21:12:04] Name Request adhitia
[LOG] [2020-09-01 21:12:04] Response Final Message Hello, adhitia 
[LOG] [2020-09-01 21:12:04] Name Request adhitia
[LOG] [2020-09-01 21:12:04] Response Final Message Hello, adhitia 
[LOG] [2020-09-01 21:12:04] Name Request adhitia
[LOG] [2020-09-01 21:12:04] Response Final Message Hello, adhitia 
[LOG] [2020-09-01 21:12:04] Name Request adhitia
[LOG] [2020-09-01 21:12:04] Response Final Message Hello, adhitia 
[LOG] [2020-09-01 21:12:04] Name Request adhitia
[LOG] [2020-09-01 21:12:04] Response Final Message Hello, adhitia 
[LOG] [2020-09-01 21:12:04] Name Request adhitia
[LOG] [2020-09-01 21:12:04] Response Final Message Hello, adhitia 
[LOG] [2020-09-01 21:15:49] Name Request adhitia
[LOG] [2020-09-01 21:15:49] Response Final Message Hello, adhitia 
[LOG] [2020-09-01 21:15:49] Name Request adhitia
[LOG] [2020-09-01 21:15:49] Response Final Message Hello, adhitia 
[LOG] [2020-09-01 21:15:50] Name Request adhitia
[LOG] [2020-09-01 21:15:50] Response Final Message Hello, adhitia 
[LOG] [2020-09-01 21:15:50] Name Request adhitia
[LOG] [2020-09-01 21:15:50] Response Final Message Hello, adhitia 
[LOG] [2020-09-01 21:15:50] Name Request adhitia
[LOG] [2020-09-01 21:15:50] Response Final Message Hello, adhitia 
[LOG] [2020-09-01 21:15:50] Name Request adhitia
[LOG] [2020-09-01 21:15:50] Response Final Message Hello, adhitia 
[LOG] [2020-09-01 21:15:50] Name Request adhitia
[LOG] [2020-09-01 21:15:50] Response Final Message Hello, adhitia 
[LOG] [2020-09-01 21:15:50] Name Request adhitia
[LOG] [2020-09-01 21:15:50] Response Final Message Hello, adhitia 
[LOG] [2020-09-01 21:15:50] Name Request adhitia
[LOG] [2020-09-01 21:15:50] Response Final Message Hello, adhitia 
[LOG] [2020-09-01 21:15:50] Name Request adhitia
[LOG] [2020-09-01 21:15:50] Response Final Message Hello, adhitia 
[LOG] [2020-09-01 21:19:33] Name Request adhitia
[LOG] [2020-09-01 21:19:33] Response Final Message Hello, adhitia 
[LOG] [2021-01-26 15:32:23] Name Request adhitia
[LOG] [2021-01-26 15:32:23] Response Final Message Hello, adhitia 
[LOG] [2021-01-26 15:32:23] Name Request adhitia
[LOG] [2021-01-26 15:32:23] Response Final Message Hello, adhitia 
[LOG] [2021-01-26 15:32:24] Name Request adhitia
[LOG] [2021-01-26 15:32:24] Response Final Message Hello, adhitia 
[LOG] [2021-01-26 15:32:24] Name Request adhitia
[LOG] [2021-01-26 15:32:24] Response Final Message Hello, adhitia 
[LOG] [2021-01-26 15:32:24] Name Request adhitia
[LOG] [2021-01-26 15:32:24] Response Final Message Hello, adhitia 
[LOG] [2021-01-26 15:32:24] Name Request adhitia
[LOG] [2021-01-26 15:32:24] Response Final Message Hello, adhitia 
[LOG] [2021-01-26 15:32:24] Name Request adhitia
[LOG] [2021-01-26 15:32:24] Response Final Message Hello, adhitia 
[LOG] [2021-01-26 15:32:24] Name Request adhitia
[LOG] [2021-01-26 15:32:24] Response Final Message Hello, adhitia 
[LOG] [2021-01-26 15:32:24] Name Request adhitia
[LOG] [2021-01-26 15:32:24] Response Final Message Hello, adhitia 
[LOG] [2021-01-26 15:32:24] Name Request adhitia
[LOG] [2021-01-26 15:32:24] Response Final Message Hello, adhitia 
[LOG] [2021-01-26 15:35:03] Name Request adhitia
[LOG] [2021-01-26 15:35:03] Response Final Message Hello, adhitia 
[LOG] [2021-01-26 20:20:01] Name Request adhitia
[LOG] [2021-01-26 20:20:01] Response Final Message Hello, adhitia 
[LOG] [2021-01-26 20:20:01] Name Request adhitia
[LOG] [2021-01-26 20:20:01] Response Final Message Hello, adhitia 
[LOG] [2021-01-26 20:20:01] Name Request adhitia
[LOG] [2021-01-26 20:20:01] Response Final Message Hello, adhitia 
[LOG] [2021-01-26 20:20:01] Name Request adhitia
[LOG] [2021-01-26 20:20:01] Response Final Message Hello, adhitia 
[LOG] [2021-01-26 20:20:01] Name Request adhitia
[LOG] [2021-01-26 20:20:01] Response Final Message Hello, adhitia 
[LOG] [2021-01-26 20:20:02] Name Request adhitia
[LOG] [2021-01-26 20:20:02] Response Final Message Hello, adhitia 
[LOG] [2021-01-26 20:20:02] Name Request adhitia
[LOG] [2021-01-26 20:20:02] Response Final Message Hello, adhitia 
[LOG] [2021-01-26 20:20:02] Name Request adhitia
[LOG] [2021-01-26 20:20:02] Response Final Message Hello, adhitia 
[LOG] [2021-01-26 20:20:02] Name Request adhitia
[LOG] [2021-01-26 20:20:02] Response Final Message Hello, adhitia 
[LOG] [2021-01-26 20:20:02] Name Request adhitia
[LOG] [2021-01-26 20:20:02] Response Final Message Hello, adhitia 
[LOG] [2021-01-26 20:21:14] Name Request adhitia
[LOG] [2021-01-26 20:21:14] Response Final Message Hello, adhitia 
[LOG] [2021-11-05 21:57:21] Name Request john
[LOG] [2021-11-05 21:57:21] Response Final Message Hello, john 
[LOG] [2021-11-06 08:50:12] Name Request 1
[LOG] [2021-11-06 08:50:12] Response Final Message Hello, 1 101
[LOG] [2021-11-06 08:53:06] Name Request 1
[LOG] [2021-11-06 08:53:06] Response Final Message Hello, 1 101
[LOG] [2021-11-06 08:57:06] Name Request 0
[LOG] [2021-11-06 08:57:06] Response Final Message 99
[LOG] [2021-11-06 09:34:52] Name Request 1
[LOG] [2021-11-06 09:34:52] Response Final Message 101
[LOG] [2021-11-06 09:37:13] Name Request 0
[LOG] [2021-11-06 09:37:13] Response Final Message 99
[LOG] [2021-11-06 09:37:25] Name Request 1
[LOG] [2021-11-06 09:37:25] Response Final Message 101
[LOG] [2021-11-06 10:01:56] Name Request 1
[LOG] [2021-11-06 10:01:57] Response Final Message 101
[LOG] [2021-11-06 10:01:59] Name Request 1
[LOG] [2021-11-06 10:01:59] Response Final Message 101
[LOG] [2021-11-06 10:02:00] Name Request 1
[LOG] [2021-11-06 10:02:00] Response Final Message 101
[LOG] [2021-11-06 10:02:01] Name Request 1
[LOG] [2021-11-06 10:02:01] Response Final Message 101
[LOG] [2021-11-06 13:59:01] Name Request 1
[LOG] [2021-11-06 13:59:01] Response Final Message 101
[LOG] [2021-11-06 13:59:08] Name Request 0
[LOG] [2021-11-06 13:59:08] Response Final Message 99
[LOG] [2021-11-06 14:00:04] Name Request 1
[LOG] [2021-11-06 14:00:05] Response Final Message 101
[LOG] [2021-11-06 14:56:06] Like Request 1
[LOG] [2021-11-06 14:56:07] Response Final Message 101
[LOG] [2021-11-07 11:16:32] Like Request 1
[LOG] [2021-11-07 11:24:10] Like Request 1
[LOG] [2021-11-07 19:06:53] Like Request 1
[LOG] [2021-11-07 19:09:36] Like Request 1
[LOG] [2021-11-07 19:12:10] Like Request 1
[LOG] [2021-11-07 19:13:20] Like Request 1
[LOG] [2021-11-07 19:17:29] Like Request 
[LOG] [2021-11-07 19:17:30] Like Request 
[LOG] [2021-11-07 19:18:50] Like Request 
[LOG] [2021-11-07 19:42:45] Like Request 1
[LOG] [2021-11-07 20:01:57] Like Request 1
[LOG] [2021-11-07 20:33:42] Like Request 1
[LOG] [2021-11-07 20:44:45] Like Request 1
[LOG] [2021-11-07 20:44:46] Response Final Message 1
[LOG] [2021-11-07 20:45:34] Like Request 1
[LOG] [2021-11-07 20:45:35] Response Final Message 1
[LOG] [2021-11-07 20:46:07] Like Request 1
[LOG] [2021-11-07 20:46:07] Response Final Message 1
[LOG] [2021-11-07 20:49:45] Like Request 1
[LOG] [2021-11-07 20:49:45] Response Final Message 1
[LOG] [2021-11-07 20:49:57] Like Request 0
[LOG] [2021-11-07 20:49:57] Response Final Message -1
[LOG] [2021-11-07 20:58:06] Like Request 0
[LOG] [2021-11-07 21:01:20] Like Request 0
[LOG] [2021-11-07 21:03:39] Like Request 0
[LOG] [2021-11-07 21:08:11] Like Request 0
[LOG] [2021-11-07 21:09:58] Like Request 0
[LOG] [2021-11-07 21:11:23] Like Request 0
[LOG] [2021-11-07 21:12:45] Like Request 0
[LOG] [2021-11-07 21:13:12] Like Request 0
[LOG] [2021-11-07 21:39:23] Like Request 0
[LOG] [2021-11-07 21:40:56] Like Request 0
[LOG] [2021-11-07 21:50:27] Like Request 1
[LOG] [2021-11-07 21:55:33] Like Request 1
[LOG] [2021-11-07 21:55:34] Response Final Message 26
[LOG] [2021-11-07 21:56:05] Like Request 1
[LOG] [2021-11-07 21:56:05] Response Final Message 26
[LOG] [2021-11-07 21:56:20] Like Request 0
[LOG] [2021-11-07 21:56:20] Response Final Message 24
[LOG] [2021-11-22 15:39:48] Like Request 1
[LOG] [2021-11-22 15:46:20] Like Request 1
[LOG] [2021-11-22 15:48:26] Like Request 1
[LOG] [2021-11-22 15:57:49] Like Request 1
[LOG] [2021-11-22 16:00:02] Like Request 1
[LOG] [2021-11-22 16:07:12] Like Request 1
[LOG] [2021-11-22 16:14:11] Like Request 1
[LOG] [2021-11-22 16:16:53] Like Request 1
[LOG] [2021-11-22 16:16:53] Response Final Message 6
[LOG] [2021-11-22 16:17:29] Like Request 0
[LOG] [2021-11-22 16:17:29] Response Final Message 4
[LOG] [2021-11-22 16:17:55] Like Request 1
[LOG] [2021-11-22 16:17:55] Response Final Message 6
